{"/Users/forprogramming/Desktop/Capstone_Live/request_bin/server/src/app.js": {"path":"/Users/forprogramming/Desktop/Capstone_Live/request_bin/server/src/app.js","statementMap":{"0":{"start":{"line":1,"column":16},"end":{"line":1,"column":34}},"1":{"start":{"line":2,"column":12},"end":{"line":2,"column":21}},"2":{"start":{"line":4,"column":26},"end":{"line":4,"column":62}},"3":{"start":{"line":5,"column":25},"end":{"line":5,"column":64}},"4":{"start":{"line":6,"column":25},"end":{"line":6,"column":64}},"5":{"start":{"line":8,"column":0},"end":{"line":8,"column":23}},"6":{"start":{"line":10,"column":0},"end":{"line":12,"column":2}},"7":{"start":{"line":11,"column":22},"end":{"line":11,"column":92}},"8":{"start":{"line":14,"column":0},"end":{"line":14,"column":49}},"9":{"start":{"line":16,"column":0},"end":{"line":16,"column":21}},"10":{"start":{"line":18,"column":0},"end":{"line":31,"column":68}},"11":{"start":{"line":31,"column":85},"end":{"line":31,"column":46296}},"12":{"start":{"line":31,"column":89},"end":{"line":31,"column":46285}}},"fnMap":{"0":{"name":"(anonymous_0)","decl":{"start":{"line":10,"column":14},"end":{"line":10,"column":15}},"loc":{"start":{"line":10,"column":20},"end":{"line":12,"column":1}},"line":10},"1":{"name":"oo_cm","decl":{"start":{"line":31,"column":77},"end":{"line":31,"column":82}},"loc":{"start":{"line":31,"column":84},"end":{"line":31,"column":46297}},"line":31}},"branchMap":{"0":{"loc":{"start":{"line":31,"column":96},"end":{"line":31,"column":46284}},"type":"binary-expr","locations":[{"start":{"line":31,"column":96},"end":{"line":31,"column":133}},{"start":{"line":31,"column":137},"end":{"line":31,"column":46284}}],"line":31}},"s":{"0":1,"1":1,"2":1,"3":1,"4":1,"5":1,"6":1,"7":0,"8":1,"9":1,"10":1,"11":0,"12":0},"f":{"0":0,"1":0},"b":{"0":[0,0]},"_coverageSchema":"1a1c01bbd47fc00a2c39e90264f33305004495a9","hash":"e2bc73adf511492b9961806704ba4650b592156c"}
,"/Users/forprogramming/Desktop/Capstone_Live/request_bin/server/src/controllers/binsController.js": {"path":"/Users/forprogramming/Desktop/Capstone_Live/request_bin/server/src/controllers/binsController.js","statementMap":{"0":{"start":{"line":1,"column":40},"end":{"line":1,"column":64}},"1":{"start":{"line":2,"column":29},"end":{"line":2,"column":59}},"2":{"start":{"line":5,"column":17},"end":{"line":5,"column":27}},"3":{"start":{"line":7,"column":15},"end":{"line":7,"column":45}},"4":{"start":{"line":9,"column":15},"end":{"line":16,"column":3}},"5":{"start":{"line":10,"column":54},"end":{"line":15,"column":5}},"6":{"start":{"line":18,"column":2},"end":{"line":18,"column":35}},"7":{"start":{"line":22,"column":17},"end":{"line":22,"column":27}},"8":{"start":{"line":23,"column":19},"end":{"line":23,"column":40}},"9":{"start":{"line":26,"column":2},"end":{"line":26,"column":34}},"10":{"start":{"line":28,"column":19},"end":{"line":28,"column":52}},"11":{"start":{"line":31,"column":2},"end":{"line":34,"column":4}},"12":{"start":{"line":37,"column":0},"end":{"line":40,"column":1}}},"fnMap":{"0":{"name":"getBins","decl":{"start":{"line":4,"column":15},"end":{"line":4,"column":22}},"loc":{"start":{"line":4,"column":33},"end":{"line":19,"column":1}},"line":4},"1":{"name":"(anonymous_1)","decl":{"start":{"line":10,"column":4},"end":{"line":10,"column":5}},"loc":{"start":{"line":10,"column":54},"end":{"line":15,"column":5}},"line":10},"2":{"name":"postBin","decl":{"start":{"line":21,"column":15},"end":{"line":21,"column":22}},"loc":{"start":{"line":21,"column":33},"end":{"line":35,"column":1}},"line":21}},"branchMap":{},"s":{"0":2,"1":2,"2":3,"3":3,"4":3,"5":2,"6":3,"7":6,"8":6,"9":6,"10":2,"11":2,"12":2},"f":{"0":3,"1":2,"2":6},"b":{},"_coverageSchema":"1a1c01bbd47fc00a2c39e90264f33305004495a9","hash":"c06bad3d56772076dd3f5f571024b8c361b85033"}
,"/Users/forprogramming/Desktop/Capstone_Live/request_bin/server/src/middleware/authenticate.js": {"path":"/Users/forprogramming/Desktop/Capstone_Live/request_bin/server/src/middleware/authenticate.js","statementMap":{"0":{"start":{"line":1,"column":26},"end":{"line":1,"column":51}},"1":{"start":{"line":2,"column":31},"end":{"line":2,"column":57}},"2":{"start":{"line":8,"column":2},"end":{"line":10,"column":3}},"3":{"start":{"line":9,"column":4},"end":{"line":9,"column":101}},"4":{"start":{"line":12,"column":25},"end":{"line":12,"column":61}},"5":{"start":{"line":14,"column":2},"end":{"line":16,"column":3}},"6":{"start":{"line":15,"column":4},"end":{"line":15,"column":66}},"7":{"start":{"line":18,"column":17},"end":{"line":18,"column":36}},"8":{"start":{"line":19,"column":18},"end":{"line":23,"column":3}},"9":{"start":{"line":25,"column":24},"end":{"line":25,"column":51}},"10":{"start":{"line":26,"column":17},"end":{"line":26,"column":79}},"11":{"start":{"line":28,"column":2},"end":{"line":30,"column":3}},"12":{"start":{"line":29,"column":4},"end":{"line":29,"column":79}},"13":{"start":{"line":33,"column":2},"end":{"line":33,"column":21}},"14":{"start":{"line":34,"column":2},"end":{"line":34,"column":8}},"15":{"start":{"line":37,"column":0},"end":{"line":37,"column":33}}},"fnMap":{"0":{"name":"authenticate","decl":{"start":{"line":4,"column":15},"end":{"line":4,"column":27}},"loc":{"start":{"line":4,"column":44},"end":{"line":35,"column":1}},"line":4}},"branchMap":{"0":{"loc":{"start":{"line":8,"column":2},"end":{"line":10,"column":3}},"type":"if","locations":[{"start":{"line":8,"column":2},"end":{"line":10,"column":3}},{"start":{},"end":{}}],"line":8},"1":{"loc":{"start":{"line":14,"column":2},"end":{"line":16,"column":3}},"type":"if","locations":[{"start":{"line":14,"column":2},"end":{"line":16,"column":3}},{"start":{},"end":{}}],"line":14},"2":{"loc":{"start":{"line":26,"column":17},"end":{"line":26,"column":79}},"type":"cond-expr","locations":[{"start":{"line":26,"column":50},"end":{"line":26,"column":52}},{"start":{"line":26,"column":55},"end":{"line":26,"column":79}}],"line":26},"3":{"loc":{"start":{"line":28,"column":2},"end":{"line":30,"column":3}},"type":"if","locations":[{"start":{"line":28,"column":2},"end":{"line":30,"column":3}},{"start":{},"end":{}}],"line":28}},"s":{"0":2,"1":2,"2":13,"3":3,"4":10,"5":10,"6":2,"7":8,"8":8,"9":8,"10":8,"11":8,"12":2,"13":6,"14":6,"15":2},"f":{"0":13},"b":{"0":[3,10],"1":[2,8],"2":[2,6],"3":[2,6]},"_coverageSchema":"1a1c01bbd47fc00a2c39e90264f33305004495a9","hash":"f38de64db6a327b0de5e1338b3a3e46930f20298"}
,"/Users/forprogramming/Desktop/Capstone_Live/request_bin/server/src/middleware/errorHandler.js": {"path":"/Users/forprogramming/Desktop/Capstone_Live/request_bin/server/src/middleware/errorHandler.js","statementMap":{"0":{"start":{"line":5,"column":4},"end":{"line":5,"column":30}},"1":{"start":{"line":8,"column":4},"end":{"line":8,"column":30}},"2":{"start":{"line":10,"column":4},"end":{"line":16,"column":5}},"3":{"start":{"line":11,"column":8},"end":{"line":11,"column":59}},"4":{"start":{"line":12,"column":11},"end":{"line":16,"column":5}},"5":{"start":{"line":13,"column":8},"end":{"line":13,"column":59}},"6":{"start":{"line":14,"column":11},"end":{"line":16,"column":5}},"7":{"start":{"line":15,"column":8},"end":{"line":15,"column":59}},"8":{"start":{"line":18,"column":4},"end":{"line":18,"column":15}},"9":{"start":{"line":21,"column":0},"end":{"line":23,"column":1}}},"fnMap":{"0":{"name":"errorHandler","decl":{"start":{"line":7,"column":9},"end":{"line":7,"column":21}},"loc":{"start":{"line":7,"column":45},"end":{"line":19,"column":1}},"line":7}},"branchMap":{"0":{"loc":{"start":{"line":10,"column":4},"end":{"line":16,"column":5}},"type":"if","locations":[{"start":{"line":10,"column":4},"end":{"line":16,"column":5}},{"start":{"line":12,"column":11},"end":{"line":16,"column":5}}],"line":10},"1":{"loc":{"start":{"line":12,"column":11},"end":{"line":16,"column":5}},"type":"if","locations":[{"start":{"line":12,"column":11},"end":{"line":16,"column":5}},{"start":{"line":14,"column":11},"end":{"line":16,"column":5}}],"line":12},"2":{"loc":{"start":{"line":14,"column":11},"end":{"line":16,"column":5}},"type":"if","locations":[{"start":{"line":14,"column":11},"end":{"line":16,"column":5}},{"start":{},"end":{}}],"line":14}},"s":{"0":2,"1":11,"2":11,"3":3,"4":8,"5":2,"6":6,"7":5,"8":1,"9":2},"f":{"0":11},"b":{"0":[3,8],"1":[2,6],"2":[5,1]},"_coverageSchema":"1a1c01bbd47fc00a2c39e90264f33305004495a9","hash":"6e26dfccde6682ed4ca2cd6a5cc25faf5276678a"}
,"/Users/forprogramming/Desktop/Capstone_Live/request_bin/server/src/models/bin.js": {"path":"/Users/forprogramming/Desktop/Capstone_Live/request_bin/server/src/models/bin.js","statementMap":{"0":{"start":{"line":1,"column":26},"end":{"line":1,"column":51}},"1":{"start":{"line":4,"column":17},"end":{"line":4,"column":36}},"2":{"start":{"line":6,"column":16},"end":{"line":10,"column":3}},"3":{"start":{"line":12,"column":17},"end":{"line":12,"column":42}},"4":{"start":{"line":13,"column":2},"end":{"line":13,"column":20}},"5":{"start":{"line":17,"column":17},"end":{"line":17,"column":36}},"6":{"start":{"line":19,"column":16},"end":{"line":23,"column":3}},"7":{"start":{"line":25,"column":17},"end":{"line":25,"column":42}},"8":{"start":{"line":26,"column":2},"end":{"line":26,"column":20}},"9":{"start":{"line":30,"column":17},"end":{"line":30,"column":36}},"10":{"start":{"line":32,"column":16},"end":{"line":36,"column":3}},"11":{"start":{"line":38,"column":17},"end":{"line":38,"column":42}},"12":{"start":{"line":39,"column":2},"end":{"line":39,"column":23}},"13":{"start":{"line":42,"column":0},"end":{"line":46,"column":1}}},"fnMap":{"0":{"name":"findBinsByUserId","decl":{"start":{"line":3,"column":15},"end":{"line":3,"column":31}},"loc":{"start":{"line":3,"column":40},"end":{"line":14,"column":1}},"line":3},"1":{"name":"findBinByName","decl":{"start":{"line":16,"column":15},"end":{"line":16,"column":28}},"loc":{"start":{"line":16,"column":38},"end":{"line":27,"column":1}},"line":16},"2":{"name":"createBin","decl":{"start":{"line":29,"column":15},"end":{"line":29,"column":24}},"loc":{"start":{"line":29,"column":42},"end":{"line":40,"column":1}},"line":29}},"branchMap":{},"s":{"0":2,"1":2,"2":2,"3":2,"4":2,"5":4,"6":4,"7":4,"8":4,"9":2,"10":2,"11":2,"12":2,"13":2},"f":{"0":2,"1":4,"2":2},"b":{},"_coverageSchema":"1a1c01bbd47fc00a2c39e90264f33305004495a9","hash":"b0bc4abffbfebcbf2de61e453b0cccd87711f1e4"}
,"/Users/forprogramming/Desktop/Capstone_Live/request_bin/server/src/routes/requestRouter.js": {"path":"/Users/forprogramming/Desktop/Capstone_Live/request_bin/server/src/routes/requestRouter.js","statementMap":{"0":{"start":{"line":1,"column":16},"end":{"line":1,"column":34}},"1":{"start":{"line":2,"column":22},"end":{"line":2,"column":38}},"2":{"start":{"line":7,"column":4},"end":{"line":7,"column":44}},"3":{"start":{"line":9,"column":0},"end":{"line":9,"column":31}},"4":{"start":{"line":10,"column":0},"end":{"line":10,"column":32}},"5":{"start":{"line":12,"column":0},"end":{"line":12,"column":34}}},"fnMap":{},"branchMap":{},"s":{"0":1,"1":1,"2":1,"3":1,"4":1,"5":1},"f":{},"b":{},"_coverageSchema":"1a1c01bbd47fc00a2c39e90264f33305004495a9","hash":"aeaeda8420d0e0ed74050edc5e26e800b22aaeb5"}
,"/Users/forprogramming/Desktop/Capstone_Live/request_bin/server/src/utils/errors.js": {"path":"/Users/forprogramming/Desktop/Capstone_Live/request_bin/server/src/utils/errors.js","statementMap":{"0":{"start":{"line":3,"column":8},"end":{"line":3,"column":22}},"1":{"start":{"line":4,"column":8},"end":{"line":4,"column":35}},"2":{"start":{"line":10,"column":8},"end":{"line":10,"column":22}},"3":{"start":{"line":11,"column":8},"end":{"line":11,"column":36}},"4":{"start":{"line":17,"column":8},"end":{"line":17,"column":22}},"5":{"start":{"line":18,"column":8},"end":{"line":18,"column":37}},"6":{"start":{"line":24,"column":8},"end":{"line":24,"column":22}},"7":{"start":{"line":25,"column":8},"end":{"line":25,"column":40}},"8":{"start":{"line":29,"column":0},"end":{"line":34,"column":1}}},"fnMap":{"0":{"name":"(anonymous_0)","decl":{"start":{"line":2,"column":4},"end":{"line":2,"column":5}},"loc":{"start":{"line":2,"column":25},"end":{"line":5,"column":5}},"line":2},"1":{"name":"(anonymous_1)","decl":{"start":{"line":9,"column":4},"end":{"line":9,"column":5}},"loc":{"start":{"line":9,"column":25},"end":{"line":12,"column":5}},"line":9},"2":{"name":"(anonymous_2)","decl":{"start":{"line":16,"column":4},"end":{"line":16,"column":5}},"loc":{"start":{"line":16,"column":25},"end":{"line":19,"column":5}},"line":16},"3":{"name":"(anonymous_3)","decl":{"start":{"line":23,"column":4},"end":{"line":23,"column":5}},"loc":{"start":{"line":23,"column":25},"end":{"line":26,"column":5}},"line":23}},"branchMap":{},"s":{"0":2,"1":2,"2":4,"3":4,"4":9,"5":9,"6":9,"7":9,"8":5},"f":{"0":2,"1":4,"2":9,"3":9},"b":{},"_coverageSchema":"1a1c01bbd47fc00a2c39e90264f33305004495a9","hash":"0ec84a77cdaf4d99d6be15966eaddb80467d2ee9"}
,"/Users/forprogramming/Desktop/Capstone_Live/request_bin/server/src/utils/validation.js": {"path":"/Users/forprogramming/Desktop/Capstone_Live/request_bin/server/src/utils/validation.js","statementMap":{"0":{"start":{"line":1,"column":26},"end":{"line":1,"column":50}},"1":{"start":{"line":6,"column":4},"end":{"line":6,"column":23}},"2":{"start":{"line":8,"column":19},"end":{"line":8,"column":20}},"3":{"start":{"line":9,"column":19},"end":{"line":9,"column":21}},"4":{"start":{"line":12,"column":4},"end":{"line":20,"column":5}},"5":{"start":{"line":13,"column":8},"end":{"line":13,"column":53}},"6":{"start":{"line":14,"column":11},"end":{"line":20,"column":5}},"7":{"start":{"line":15,"column":8},"end":{"line":15,"column":81}},"8":{"start":{"line":16,"column":11},"end":{"line":20,"column":5}},"9":{"start":{"line":17,"column":8},"end":{"line":17,"column":98}},"10":{"start":{"line":18,"column":11},"end":{"line":20,"column":5}},"11":{"start":{"line":19,"column":8},"end":{"line":19,"column":76}},"12":{"start":{"line":22,"column":4},"end":{"line":22,"column":15}},"13":{"start":{"line":26,"column":4},"end":{"line":26,"column":38}},"14":{"start":{"line":30,"column":20},"end":{"line":30,"column":49}},"15":{"start":{"line":31,"column":4},"end":{"line":31,"column":31}},"16":{"start":{"line":34,"column":0},"end":{"line":36,"column":1}}},"fnMap":{"0":{"name":"validateEndpoint","decl":{"start":{"line":11,"column":15},"end":{"line":11,"column":31}},"loc":{"start":{"line":11,"column":42},"end":{"line":23,"column":1}},"line":11},"1":{"name":"hasValidChars","decl":{"start":{"line":25,"column":9},"end":{"line":25,"column":22}},"loc":{"start":{"line":25,"column":28},"end":{"line":27,"column":1}},"line":25},"2":{"name":"isUnique","decl":{"start":{"line":29,"column":15},"end":{"line":29,"column":23}},"loc":{"start":{"line":29,"column":34},"end":{"line":32,"column":1}},"line":29}},"branchMap":{"0":{"loc":{"start":{"line":12,"column":4},"end":{"line":20,"column":5}},"type":"if","locations":[{"start":{"line":12,"column":4},"end":{"line":20,"column":5}},{"start":{"line":14,"column":11},"end":{"line":20,"column":5}}],"line":12},"1":{"loc":{"start":{"line":14,"column":11},"end":{"line":20,"column":5}},"type":"if","locations":[{"start":{"line":14,"column":11},"end":{"line":20,"column":5}},{"start":{"line":16,"column":11},"end":{"line":20,"column":5}}],"line":14},"2":{"loc":{"start":{"line":14,"column":15},"end":{"line":14,"column":75}},"type":"binary-expr","locations":[{"start":{"line":14,"column":15},"end":{"line":14,"column":43}},{"start":{"line":14,"column":47},"end":{"line":14,"column":75}}],"line":14},"3":{"loc":{"start":{"line":16,"column":11},"end":{"line":20,"column":5}},"type":"if","locations":[{"start":{"line":16,"column":11},"end":{"line":20,"column":5}},{"start":{"line":18,"column":11},"end":{"line":20,"column":5}}],"line":16},"4":{"loc":{"start":{"line":18,"column":11},"end":{"line":20,"column":5}},"type":"if","locations":[{"start":{"line":18,"column":11},"end":{"line":20,"column":5}},{"start":{},"end":{}}],"line":18}},"s":{"0":2,"1":2,"2":2,"3":2,"4":11,"5":3,"6":8,"7":2,"8":6,"9":2,"10":4,"11":2,"12":2,"13":6,"14":4,"15":4,"16":2},"f":{"0":11,"1":6,"2":4},"b":{"0":[3,8],"1":[2,6],"2":[8,7],"3":[2,4],"4":[2,2]},"_coverageSchema":"1a1c01bbd47fc00a2c39e90264f33305004495a9","hash":"e6e3976b56a00f8c9d85ecadfdc4e7a3cf8b46d3"}
}
