TN:
SF:src/app.js
FN:10,(anonymous_0)
FN:31,oo_cm
FNF:2
FNH:0
FNDA:0,(anonymous_0)
FNDA:0,oo_cm
DA:1,1
DA:2,1
DA:4,1
DA:5,1
DA:6,1
DA:8,1
DA:10,1
DA:11,0
DA:14,1
DA:16,1
DA:18,1
DA:31,0
LF:12
LH:10
BRDA:31,0,0,0
BRDA:31,0,1,0
BRF:2
BRH:0
end_of_record
TN:
SF:src/controllers/binsController.js
FN:4,getBins
FN:10,(anonymous_1)
FN:21,postBin
FNF:3
FNH:3
FNDA:3,getBins
FNDA:2,(anonymous_1)
FNDA:6,postBin
DA:1,2
DA:2,2
DA:5,3
DA:7,3
DA:9,3
DA:10,2
DA:18,3
DA:22,6
DA:23,6
DA:26,6
DA:28,2
DA:31,2
DA:37,2
LF:13
LH:13
BRF:0
BRH:0
end_of_record
TN:
SF:src/middleware/authenticate.js
FN:4,authenticate
FNF:1
FNH:1
FNDA:13,authenticate
DA:1,2
DA:2,2
DA:8,13
DA:9,3
DA:12,10
DA:14,10
DA:15,2
DA:18,8
DA:19,8
DA:25,8
DA:26,8
DA:28,8
DA:29,2
DA:33,6
DA:34,6
DA:37,2
LF:16
LH:16
BRDA:8,0,0,3
BRDA:8,0,1,10
BRDA:14,1,0,2
BRDA:14,1,1,8
BRDA:26,2,0,2
BRDA:26,2,1,6
BRDA:28,3,0,2
BRDA:28,3,1,6
BRF:8
BRH:8
end_of_record
TN:
SF:src/middleware/errorHandler.js
FN:7,errorHandler
FNF:1
FNH:1
FNDA:11,errorHandler
DA:5,2
DA:8,11
DA:10,11
DA:11,3
DA:12,8
DA:13,2
DA:14,6
DA:15,5
DA:18,1
DA:21,2
LF:10
LH:10
BRDA:10,0,0,3
BRDA:10,0,1,8
BRDA:12,1,0,2
BRDA:12,1,1,6
BRDA:14,2,0,5
BRDA:14,2,1,1
BRF:6
BRH:6
end_of_record
TN:
SF:src/models/bin.js
FN:3,findBinsByUserId
FN:16,findBinByName
FN:29,createBin
FNF:3
FNH:3
FNDA:2,findBinsByUserId
FNDA:4,findBinByName
FNDA:2,createBin
DA:1,2
DA:4,2
DA:6,2
DA:12,2
DA:13,2
DA:17,4
DA:19,4
DA:25,4
DA:26,4
DA:30,2
DA:32,2
DA:38,2
DA:39,2
DA:42,2
LF:14
LH:14
BRF:0
BRH:0
end_of_record
TN:
SF:src/routes/requestRouter.js
FNF:0
FNH:0
DA:1,1
DA:2,1
DA:7,1
DA:9,1
DA:10,1
DA:12,1
LF:6
LH:6
BRF:0
BRH:0
end_of_record
TN:
SF:src/utils/errors.js
FN:2,(anonymous_0)
FN:9,(anonymous_1)
FN:16,(anonymous_2)
FN:23,(anonymous_3)
FNF:4
FNH:4
FNDA:2,(anonymous_0)
FNDA:4,(anonymous_1)
FNDA:9,(anonymous_2)
FNDA:9,(anonymous_3)
DA:3,2
DA:4,2
DA:10,4
DA:11,4
DA:17,9
DA:18,9
DA:24,9
DA:25,9
DA:29,5
LF:9
LH:9
BRF:0
BRH:0
end_of_record
TN:
SF:src/utils/validation.js
FN:11,validateEndpoint
FN:25,hasValidChars
FN:29,isUnique
FNF:3
FNH:3
FNDA:11,validateEndpoint
FNDA:6,hasValidChars
FNDA:4,isUnique
DA:1,2
DA:6,2
DA:8,2
DA:9,2
DA:12,11
DA:13,3
DA:14,8
DA:15,2
DA:16,6
DA:17,2
DA:18,4
DA:19,2
DA:22,2
DA:26,6
DA:30,4
DA:31,4
DA:34,2
LF:17
LH:17
BRDA:12,0,0,3
BRDA:12,0,1,8
BRDA:14,1,0,2
BRDA:14,1,1,6
BRDA:14,2,0,8
BRDA:14,2,1,7
BRDA:16,3,0,2
BRDA:16,3,1,4
BRDA:18,4,0,2
BRDA:18,4,1,2
BRF:10
BRH:10
end_of_record
